<?xml version="1.0" encoding="UTF-8"?>
<!-- Generated by org.testng.reporters.JUnitXMLReporter -->
<testsuite hostname="Cnu" name="Default test" tests="3" failures="0" timestamp="10 Mar 2020 14:13:43 GMT" time="69.659" errors="0">
  <testcase name="signOn" time="1.89" classname="com.NewToursApplication_TestCases.NewTours_LogInPageTest"/>
  <testcase name="Register" time="1.04" classname="com.NewToursApplication_TestCases.NewTours_LogInPageTest"/>
  <testcase name="LogIn" time="24.217" classname="com.NewToursApplication_TestCases.NewTours_LogInPageTest"/>
</testsuite> <!-- Default test -->
