<?xml version="1.0" encoding="UTF-8"?>
<!-- Generated by org.testng.reporters.JUnitXMLReporter -->
<testsuite hostname="Cnu" name="New User Registration" tests="2" failures="0" timestamp="15 Mar 2020 04:48:28 GMT" time="42.659" errors="0">
  <testcase name="register" time="1.37" classname="com.NewToursApplication.NewTours_NewUserRegistrationTest"/>
  <testcase name="aNewUserRegistration" time="28.339" classname="com.NewToursApplication.NewTours_NewUserRegistrationTest"/>
</testsuite> <!-- New User Registration -->
