<?xml version="1.0" encoding="UTF-8"?>
<testng-results skipped="0" failed="0" ignored="0" total="1" passed="1">
  <reporter-output>
  </reporter-output>
  <suite name="Default suite" duration-ms="13494" started-at="2020-03-15T05:21:58Z" finished-at="2020-03-15T05:22:12Z">
    <groups>
    </groups>
    <test name="Default test" duration-ms="13494" started-at="2020-03-15T05:21:58Z" finished-at="2020-03-15T05:22:12Z">
      <class name="com.OHRM.OHRM_LogInTest">
        <test-method status="PASS" signature="setUp()[pri:0, instance:com.OHRM.OHRM_LogInTest@42607a4f]" name="setUp" is-config="true" duration-ms="9996" started-at="2020-03-15T10:51:58Z" finished-at="2020-03-15T10:52:08Z">
          <reporter-output>
          </reporter-output>
        </test-method> <!-- setUp -->
        <test-method status="PASS" signature="logInTest()[pri:0, instance:com.OHRM.OHRM_LogInTest@42607a4f]" name="logInTest" duration-ms="2895" started-at="2020-03-15T10:52:08Z" finished-at="2020-03-15T10:52:11Z">
          <reporter-output>
          </reporter-output>
        </test-method> <!-- logInTest -->
        <test-method status="PASS" signature="tearDown()[pri:0, instance:com.OHRM.OHRM_LogInTest@42607a4f]" name="tearDown" is-config="true" duration-ms="574" started-at="2020-03-15T10:52:11Z" finished-at="2020-03-15T10:52:12Z">
          <reporter-output>
          </reporter-output>
        </test-method> <!-- tearDown -->
      </class> <!-- com.OHRM.OHRM_LogInTest -->
    </test> <!-- Default test -->
  </suite> <!-- Default suite -->
</testng-results>
