<?xml version="1.0" encoding="UTF-8"?>
<!-- Generated by org.testng.reporters.JUnitXMLReporter -->
<testsuite hostname="Cnu" ignored="0" name="Default test" tests="3" failures="0" timestamp="10 Mar 2020 11:37:31 GMT" time="100.85" errors="0">
  <testcase name="Register" time="1.341" classname="com.NewTours_TestCases.LogInPageTest"/>
  <testcase name="Support" time="1.183" classname="com.NewTours_TestCases.LogInPageTest"/>
  <testcase name="logIn" time="55.505" classname="com.NewTours_TestCases.LogInPageTest"/>
</testsuite> <!-- Default test -->
